e:\数据结构\keshe\keshe\debug\keshe.pch
e:\数据结构\keshe\keshe\debug\vc141.pdb
e:\数据结构\keshe\keshe\debug\vc141.idb
e:\数据结构\keshe\keshe\debug\pch.obj
e:\数据结构\keshe\keshe\debug\stack.obj
e:\数据结构\keshe\keshe\debug\linklist.obj
e:\数据结构\keshe\keshe\debug\keshe.obj
e:\数据结构\keshe\keshe\debug\binarytree.obj
e:\数据结构\keshe\keshe\debug\array.obj
e:\数据结构\keshe\keshe\debug\graph.obj
e:\数据结构\keshe\debug\keshe.pdb
e:\数据结构\keshe\keshe\debug\keshe.tlog\cl.command.1.tlog
e:\数据结构\keshe\keshe\debug\keshe.tlog\cl.read.1.tlog
e:\数据结构\keshe\keshe\debug\keshe.tlog\cl.write.1.tlog
e:\数据结构\keshe\keshe\debug\keshe.tlog\link-cvtres.read.1.tlog
e:\数据结构\keshe\keshe\debug\keshe.tlog\link-cvtres.write.1.tlog
e:\数据结构\keshe\keshe\debug\keshe.tlog\link-rc.read.1.tlog
e:\数据结构\keshe\keshe\debug\keshe.tlog\link-rc.write.1.tlog
e:\数据结构\keshe\keshe\debug\keshe.tlog\link.command.1.tlog
e:\数据结构\keshe\keshe\debug\keshe.tlog\link.read.1.tlog
e:\数据结构\keshe\keshe\debug\keshe.tlog\link.write.1.tlog
